{
  "RSpec": {
    "coverage": {
      "/home/ec2-user/environment/ONSAT/ONSAT/app/helpers/application_helper.rb": [
        1,
        null
      ],
      "/home/ec2-user/environment/ONSAT/ONSAT/app/helpers/questions_helper.rb": [
        1,
        null,
        1,
        0,
        null,
        null
      ],
      "/home/ec2-user/environment/ONSAT/ONSAT/app/controllers/questions_controller.rb": [
        1,
        null,
        1,
        1,
        null,
        null,
        1,
        3,
        3,
        null,
        null,
        null,
        1,
        1,
        1,
        null,
        0,
        null,
        0,
        null,
        0,
        null,
        null,
        null,
        null,
        null,
        null,
        null,
        null,
        null,
        1,
        0,
        0,
        0,
        null,
        null,
        1,
        null,
        null,
        1,
        null,
        null,
        null,
        1,
        1,
        1,
        1,
        null,
        null,
        1,
        0,
        null,
        null,
        1,
        0,
        0,
        0,
        0,
        null,
        null,
        1,
        0,
        0,
        0,
        0,
        null,
        null,
        1,
        1,
        1,
        null,
        null,
        null
      ],
      "/home/ec2-user/environment/ONSAT/ONSAT/app/controllers/application_controller.rb": [
        1,
        1,
        null
      ],
      "/home/ec2-user/environment/ONSAT/ONSAT/app/models/question.rb": [
        1,
        null,
        null,
        null,
        1,
        1,
        8,
        null,
        null,
        null,
        null,
        null,
        null
      ]
    },
    "timestamp": 1540355268
  }
}
