{
  "RSpec": {
    "coverage": {
      "/home/ec2-user/environment/ONSAT/app/helpers/application_helper.rb": [
        1,
        null
      ],
      "/home/ec2-user/environment/ONSAT/app/helpers/questions_helper.rb": [
        1,
        null,
        1,
        0,
        null,
        null
      ],
      "/home/ec2-user/environment/ONSAT/app/controllers/questions_controller.rb": [
        1,
        null,
        1,
        1,
        null,
        null,
        1,
        3,
        3,
        null,
        null,
        null,
        1,
        1,
        1,
        1,
        1,
        null,
        null,
        null,
        1,
        1,
        null,
        0,
        null,
        0,
        null,
        null,
        null,
        1,
        0,
        0,
        0,
        null,
        null,
        1,
        54,
        1,
        1,
        null,
        null,
        null,
        1,
        null,
        null,
        null,
        1,
        1,
        1,
        1,
        null,
        null,
        1,
        0,
        null,
        null,
        1,
        0,
        0,
        0,
        0,
        null,
        null,
        1,
        0,
        0,
        0,
        0,
        null,
        null,
        1,
        1,
        1,
        1,
        null,
        0,
        0,
        null,
        null,
        null,
        null,
        null
      ],
      "/home/ec2-user/environment/ONSAT/app/controllers/application_controller.rb": [
        1,
        1,
        null
      ],
      "/home/ec2-user/environment/ONSAT/app/models/question.rb": [
        1,
        1,
        1,
        1,
        1,
        8,
        8,
        8,
        8,
        null,
        0,
        null,
        null,
        null,
        null,
        null
      ],
      "/home/ec2-user/environment/ONSAT/app/models/category.rb": [
        1,
        1,
        1,
        null
      ],
      "/home/ec2-user/environment/ONSAT/app/models/company.rb": [
        1,
        1,
        1,
        1,
        null
      ],
      "/home/ec2-user/environment/ONSAT/app/models/answer.rb": [
        0,
        0,
        0,
        0,
        0,
        0,
        0,
        null,
        0,
        0,
        0,
        0,
        0,
        null,
        0,
        null,
        0,
        0,
        0,
        0,
        0,
        0,
        0,
        0,
        0,
        0,
        0,
        0
      ],
      "/home/ec2-user/environment/ONSAT/app/models/score.rb": [
        0,
        0,
        0,
        0,
        0
      ],
      "/home/ec2-user/environment/ONSAT/app/models/coa.rb": [
        0,
        0
      ],
      "/home/ec2-user/environment/ONSAT/app/models/scale.rb": [
        0,
        0
      ],
      "/home/ec2-user/environment/ONSAT/app/models/subcategory.rb": [
        0,
        0,
        0,
        0,
        0
      ],
      "/home/ec2-user/environment/ONSAT/app/controllers/companies_controller.rb": [
        0,
        0
      ],
      "/home/ec2-user/environment/ONSAT/app/controllers/output_controller.rb": [
        0,
        null,
        0,
        0,
        0,
        0,
        0,
        0,
        0
      ],
      "/home/ec2-user/environment/ONSAT/app/controllers/home_controller.rb": [
        0,
        null,
        0,
        0,
        0,
        0,
        0,
        0,
        0
      ],
      "/home/ec2-user/environment/ONSAT/app/controllers/answers_controller.rb": [
        0,
        0,
        0,
        0,
        null,
        0,
        0,
        0,
        0,
        0,
        null,
        0,
        0,
        0,
        null,
        0,
        0,
        0,
        0,
        null,
        0,
        0,
        0,
        null,
        null,
        0,
        0,
        0,
        0,
        0,
        0,
        0,
        0,
        0
      ],
      "/home/ec2-user/environment/ONSAT/app/controllers/formulae_controller.rb": [
        0,
        null,
        0,
        0,
        0,
        0,
        0,
        null,
        0,
        0,
        0,
        0
      ]
    },
    "timestamp": 1542678334
  },
  "Cucumber Features": {
    "coverage": {
      "/home/ec2-user/environment/ONSAT/app/models/company.rb": [
        1,
        1,
        1,
        1,
        null
      ],
      "/home/ec2-user/environment/ONSAT/app/models/category.rb": [
        1,
        1,
        1,
        null
      ],
      "/home/ec2-user/environment/ONSAT/app/models/scale.rb": [
        1,
        null
      ],
      "/home/ec2-user/environment/ONSAT/app/models/subcategory.rb": [
        1,
        1,
        1,
        1,
        null
      ],
      "/home/ec2-user/environment/ONSAT/app/models/question.rb": [
        1,
        1,
        1,
        1,
        0,
        0,
        0,
        0,
        0,
        null,
        0,
        null,
        null,
        null,
        null,
        null
      ],
      "/home/ec2-user/environment/ONSAT/app/models/answer.rb": [
        1,
        1,
        1,
        1,
        18480,
        18480,
        null,
        null,
        1,
        18480,
        18480,
        18480,
        null,
        null,
        1,
        null,
        3,
        24,
        24,
        24,
        24,
        24,
        null,
        null,
        null,
        null,
        null,
        null
      ],
      "/home/ec2-user/environment/ONSAT/app/controllers/questions_controller.rb": [
        1,
        null,
        1,
        1,
        null,
        null,
        1,
        0,
        0,
        null,
        null,
        null,
        1,
        16,
        16,
        16,
        16,
        null,
        null,
        null,
        16,
        16,
        null,
        0,
        null,
        0,
        null,
        null,
        null,
        16,
        0,
        0,
        0,
        null,
        null,
        16,
        1056,
        16,
        16,
        null,
        null,
        null,
        1,
        null,
        null,
        null,
        1,
        1,
        1,
        1,
        null,
        null,
        1,
        0,
        null,
        null,
        1,
        0,
        0,
        0,
        0,
        null,
        null,
        1,
        0,
        0,
        0,
        0,
        null,
        null,
        1,
        0,
        0,
        0,
        null,
        0,
        0,
        null,
        null,
        null,
        null,
        null
      ],
      "/home/ec2-user/environment/ONSAT/app/controllers/application_controller.rb": [
        1,
        1,
        null
      ],
      "/home/ec2-user/environment/ONSAT/app/helpers/application_helper.rb": [
        1,
        null
      ],
      "/home/ec2-user/environment/ONSAT/app/helpers/questions_helper.rb": [
        1,
        null,
        1,
        0,
        null,
        null
      ],
      "/home/ec2-user/environment/ONSAT/app/controllers/answers_controller.rb": [
        1,
        1,
        0,
        null,
        null,
        1,
        1,
        1,
        4627,
        4627,
        null,
        1155,
        0,
        null,
        null,
        null,
        null,
        1,
        null,
        null,
        1,
        0,
        null,
        null,
        null,
        1,
        4,
        3,
        3,
        null,
        1,
        null,
        null,
        null
      ],
      "/home/ec2-user/environment/ONSAT/app/controllers/home_controller.rb": [
        1,
        null,
        1,
        2,
        2,
        2,
        2,
        null,
        null
      ],
      "/home/ec2-user/environment/ONSAT/app/controllers/output_controller.rb": [
        1,
        null,
        1,
        1,
        1,
        1,
        1,
        null,
        null
      ],
      "/home/ec2-user/environment/ONSAT/app/controllers/formulae_controller.rb": [
        1,
        null,
        1,
        1,
        1,
        1,
        1,
        null,
        1,
        66,
        null,
        null
      ],
      "/home/ec2-user/environment/ONSAT/app/models/score.rb": [
        0,
        0,
        0,
        0,
        0
      ],
      "/home/ec2-user/environment/ONSAT/app/models/coa.rb": [
        0,
        0
      ],
      "/home/ec2-user/environment/ONSAT/app/controllers/companies_controller.rb": [
        0,
        0
      ]
    },
    "timestamp": 1542678499
  }
}
